================================================
  FUNCTIONAL COVERAGE REPORT
  406870
================================================
  Write  coverage : 23.8%
  Read   coverage : 58.3%
  Flag   coverage : 60.0%
------------------------------------------------
  Overall          : 47.4%
================================================
================================================
  FUNCTIONAL COVERAGE REPORT
  620310
================================================
  Write  coverage : 36.5%
  Read   coverage : 58.3%
  Flag   coverage : 85.0%
------------------------------------------------
  Overall          : 59.9%
================================================
================================================
  FUNCTIONAL COVERAGE REPORT
  246790
================================================
  Write  coverage : 23.8%
  Read   coverage : 58.3%
  Flag   coverage : 60.0%
------------------------------------------------
  Overall          : 47.4%
================================================
================================================
  FUNCTIONAL COVERAGE REPORT
  673670
================================================
  Write  coverage : 36.5%
  Read   coverage : 58.3%
  Flag   coverage : 60.0%
------------------------------------------------
  Overall          : 51.6%
================================================
